<?xml version="1.0" encoding="UTF-8"?>
<!-- Generated by org.testng.reporters.JUnitXMLReporter -->
<testsuite ignored="4" hostname="DESKTOP-3OIDL8Q" failures="0" tests="1" name="Default test" time="122.076" errors="0" timestamp="2021-08-26T23:06:49 CDT">
  <testcase classname="base.MetodosComunesNG" name="generarScreenshot" time="2.17"/>
  <testcase classname="base.MetodosComunesNG" name="Ingresar_textos" time="0.0">
    <ignored/>
  </testcase> <!-- Ingresar_textos -->
  <testcase classname="base.MetodosComunesNG" name="clicBoton" time="0.0">
    <ignored/>
  </testcase> <!-- clicBoton -->
  <testcase classname="base.MetodosComunesNG" name="scrollEnLaPagina" time="0.0">
    <ignored/>
  </testcase> <!-- scrollEnLaPagina -->
  <testcase classname="base.MetodosComunesNG" name="validarTexto" time="0.0">
    <ignored/>
  </testcase> <!-- validarTexto -->
</testsuite> <!-- Default test -->
