<?xml version="1.0" encoding="UTF-8"?>
<testng-results ignored="4" total="5" passed="1" failed="0" skipped="0">
  <reporter-output>
    <line>
      <![CDATA[<br> <img src ='C:\git\orangehrm\test-output\screenshot\screen.png' height = '400' width = '400' /> </br>]]>
    </line>
  </reporter-output>
  <suite started-at="2021-08-26T23:04:46 CDT" name="Default suite" finished-at="2021-08-26T23:06:48 CDT" duration-ms="122076">
    <groups>
    </groups>
    <test started-at="2021-08-26T23:04:46 CDT" name="Default test" finished-at="2021-08-26T23:06:48 CDT" duration-ms="122076">
      <class name="base.MetodosComunesNG">
        <test-method is-config="true" signature="abrirExplorador()[pri:0, instance:base.MetodosComunesNG@290222c1]" started-at="2021-08-26T23:04:46 CDT" name="abrirExplorador" finished-at="2021-08-26T23:06:46 CDT" duration-ms="119091" status="PASS">
          <reporter-output>
          </reporter-output>
        </test-method> <!-- abrirExplorador -->
        <test-method signature="generarScreenshot()[pri:0, instance:base.MetodosComunesNG@290222c1]" started-at="2021-08-26T23:06:46 CDT" name="generarScreenshot" finished-at="2021-08-26T23:06:48 CDT" duration-ms="2170" status="PASS">
          <reporter-output>
            <line>
              <![CDATA[<br> <img src ='C:\git\orangehrm\test-output\screenshot\screen.png' height = '400' width = '400' /> </br>]]>
            </line>
          </reporter-output>
        </test-method> <!-- generarScreenshot -->
      </class> <!-- base.MetodosComunesNG -->
    </test> <!-- Default test -->
  </suite> <!-- Default suite -->
</testng-results>
